llama_model_loader: loaded meta data with 23 key-value pairs and 101 tensors from /home/mpk/src/muclaw/assets/models/all-MiniLM-L6-v2-f16.gguf (version GGUF V3 (latest))
llama_model_loader: Dumping metadata keys/values. Note: KV overrides do not apply in this output.
llama_model_loader: - kv   0:                       general.architecture str              = bert
llama_model_loader: - kv   1:                               general.name str              = all-MiniLM-L6-v2
llama_model_loader: - kv   2:                           bert.block_count u32              = 6
llama_model_loader: - kv   3:                        bert.context_length u32              = 512
llama_model_loader: - kv   4:                      bert.embedding_length u32              = 384
llama_model_loader: - kv   5:                   bert.feed_forward_length u32              = 1536
llama_model_loader: - kv   6:                  bert.attention.head_count u32              = 12
llama_model_loader: - kv   7:          bert.attention.layer_norm_epsilon f32              = 0.000000
llama_model_loader: - kv   8:                          general.file_type u32              = 1
llama_model_loader: - kv   9:                      bert.attention.causal bool             = false
llama_model_loader: - kv  10:                          bert.pooling_type u32              = 1
llama_model_loader: - kv  11:            tokenizer.ggml.token_type_count u32              = 2
llama_model_loader: - kv  12:                tokenizer.ggml.bos_token_id u32              = 101
llama_model_loader: - kv  13:                tokenizer.ggml.eos_token_id u32              = 102
llama_model_loader: - kv  14:                       tokenizer.ggml.model str              = bert
llama_model_loader: - kv  15:                      tokenizer.ggml.tokens arr[str,30522]   = ["[PAD]", "[unused0]", "[unused1]", "...
llama_model_loader: - kv  16:                      tokenizer.ggml.scores arr[f32,30522]   = [-1000.000000, -1000.000000, -1000.00...
llama_model_loader: - kv  17:                  tokenizer.ggml.token_type arr[i32,30522]   = [3, 1, 1, 1, 1, 1, 1, 1, 1, 1, 1, 1, ...
llama_model_loader: - kv  18:            tokenizer.ggml.unknown_token_id u32              = 100
llama_model_loader: - kv  19:          tokenizer.ggml.seperator_token_id u32              = 102
llama_model_loader: - kv  20:            tokenizer.ggml.padding_token_id u32              = 0
llama_model_loader: - kv  21:                tokenizer.ggml.cls_token_id u32              = 101
llama_model_loader: - kv  22:               tokenizer.ggml.mask_token_id u32              = 103
llama_model_loader: - type  f32:   63 tensors
llama_model_loader: - type  f16:   38 tensors
print_info: file format = GGUF V3 (latest)
print_info: file type   = F16
print_info: file size   = 43.10 MiB (16.02 BPW) 
init_tokenizer: initializing tokenizer for type 3
load: control token:    100 '[UNK]' is not marked as EOG
load: control token:    101 '[CLS]' is not marked as EOG
load: control token:      0 '[PAD]' is not marked as EOG
load: control token:    102 '[SEP]' is not marked as EOG
load: control token:    103 '[MASK]' is not marked as EOG
load: special_eos_id is not in special_eog_ids - the tokenizer config may be incorrect
load: printing all EOG tokens:
load:   - 102 ('[SEP]')
load: special tokens cache size = 5
load: token to piece cache size = 0.2032 MB
print_info: arch             = bert
print_info: vocab_only       = 0
print_info: n_ctx_train      = 512
print_info: n_embd           = 384
print_info: n_layer          = 6
print_info: n_head           = 12
print_info: n_head_kv        = 12
print_info: n_rot            = 32
print_info: n_swa            = 0
print_info: is_swa_any       = 0
print_info: n_embd_head_k    = 32
print_info: n_embd_head_v    = 32
print_info: n_gqa            = 1
print_info: n_embd_k_gqa     = 384
print_info: n_embd_v_gqa     = 384
print_info: f_norm_eps       = 1.0e-12
print_info: f_norm_rms_eps   = 0.0e+00
print_info: f_clamp_kqv      = 0.0e+00
print_info: f_max_alibi_bias = 0.0e+00
print_info: f_logit_scale    = 0.0e+00
print_info: f_attn_scale     = 0.0e+00
print_info: n_ff             = 1536
print_info: n_expert         = 0
print_info: n_expert_used    = 0
print_info: causal attn      = 0
print_info: pooling type     = 1
print_info: rope type        = 2
print_info: rope scaling     = linear
print_info: freq_base_train  = 10000.0
print_info: freq_scale_train = 1
print_info: n_ctx_orig_yarn  = 512
print_info: rope_finetuned   = unknown
print_info: model type       = 22M
print_info: model params     = 22.57 M
print_info: general.name     = all-MiniLM-L6-v2
print_info: vocab type       = WPM
print_info: n_vocab          = 30522
print_info: n_merges         = 0
print_info: BOS token        = 101 '[CLS]'
print_info: EOS token        = 102 '[SEP]'
print_info: UNK token        = 100 '[UNK]'
print_info: SEP token        = 102 '[SEP]'
print_info: PAD token        = 0 '[PAD]'
print_info: MASK token       = 103 '[MASK]'
print_info: LF token         = 0 '[PAD]'
print_info: EOG token        = 102 '[SEP]'
print_info: max token length = 21
load_tensors: loading model tensors, this can take a while... (mmap = true)
load_tensors: layer   0 assigned to device CPU, is_swa = 0
load_tensors: layer   1 assigned to device CPU, is_swa = 0
load_tensors: layer   2 assigned to device CPU, is_swa = 0
load_tensors: layer   3 assigned to device CPU, is_swa = 0
load_tensors: layer   4 assigned to device CPU, is_swa = 0
load_tensors: layer   5 assigned to device CPU, is_swa = 0
load_tensors: layer   6 assigned to device CPU, is_swa = 0
create_tensor: loading tensor token_embd.weight
create_tensor: loading tensor token_types.weight
create_tensor: loading tensor position_embd.weight
create_tensor: loading tensor token_embd_norm.weight
create_tensor: loading tensor token_embd_norm.bias
create_tensor: loading tensor blk.0.attn_q.weight
create_tensor: loading tensor blk.0.attn_q.bias
create_tensor: loading tensor blk.0.attn_k.weight
create_tensor: loading tensor blk.0.attn_k.bias
create_tensor: loading tensor blk.0.attn_v.weight
create_tensor: loading tensor blk.0.attn_v.bias
create_tensor: loading tensor blk.0.attn_output.weight
create_tensor: loading tensor blk.0.attn_output.bias
create_tensor: loading tensor blk.0.attn_output_norm.weight
create_tensor: loading tensor blk.0.attn_output_norm.bias
create_tensor: loading tensor blk.0.ffn_up.weight
create_tensor: loading tensor blk.0.ffn_up.bias
create_tensor: loading tensor blk.0.ffn_down.weight
create_tensor: loading tensor blk.0.ffn_down.bias
create_tensor: loading tensor blk.0.layer_output_norm.weight
create_tensor: loading tensor blk.0.layer_output_norm.bias
create_tensor: loading tensor blk.1.attn_q.weight
create_tensor: loading tensor blk.1.attn_q.bias
create_tensor: loading tensor blk.1.attn_k.weight
create_tensor: loading tensor blk.1.attn_k.bias
create_tensor: loading tensor blk.1.attn_v.weight
create_tensor: loading tensor blk.1.attn_v.bias
create_tensor: loading tensor blk.1.attn_output.weight
create_tensor: loading tensor blk.1.attn_output.bias
create_tensor: loading tensor blk.1.attn_output_norm.weight
create_tensor: loading tensor blk.1.attn_output_norm.bias
create_tensor: loading tensor blk.1.ffn_up.weight
create_tensor: loading tensor blk.1.ffn_up.bias
create_tensor: loading tensor blk.1.ffn_down.weight
create_tensor: loading tensor blk.1.ffn_down.bias
create_tensor: loading tensor blk.1.layer_output_norm.weight
create_tensor: loading tensor blk.1.layer_output_norm.bias
create_tensor: loading tensor blk.2.attn_q.weight
create_tensor: loading tensor blk.2.attn_q.bias
create_tensor: loading tensor blk.2.attn_k.weight
create_tensor: loading tensor blk.2.attn_k.bias
create_tensor: loading tensor blk.2.attn_v.weight
create_tensor: loading tensor blk.2.attn_v.bias
create_tensor: loading tensor blk.2.attn_output.weight
create_tensor: loading tensor blk.2.attn_output.bias
create_tensor: loading tensor blk.2.attn_output_norm.weight
create_tensor: loading tensor blk.2.attn_output_norm.bias
create_tensor: loading tensor blk.2.ffn_up.weight
create_tensor: loading tensor blk.2.ffn_up.bias
create_tensor: loading tensor blk.2.ffn_down.weight
create_tensor: loading tensor blk.2.ffn_down.bias
create_tensor: loading tensor blk.2.layer_output_norm.weight
create_tensor: loading tensor blk.2.layer_output_norm.bias
create_tensor: loading tensor blk.3.attn_q.weight
create_tensor: loading tensor blk.3.attn_q.bias
create_tensor: loading tensor blk.3.attn_k.weight
create_tensor: loading tensor blk.3.attn_k.bias
create_tensor: loading tensor blk.3.attn_v.weight
create_tensor: loading tensor blk.3.attn_v.bias
create_tensor: loading tensor blk.3.attn_output.weight
create_tensor: loading tensor blk.3.attn_output.bias
create_tensor: loading tensor blk.3.attn_output_norm.weight
create_tensor: loading tensor blk.3.attn_output_norm.bias
create_tensor: loading tensor blk.3.ffn_up.weight
create_tensor: loading tensor blk.3.ffn_up.bias
create_tensor: loading tensor blk.3.ffn_down.weight
create_tensor: loading tensor blk.3.ffn_down.bias
create_tensor: loading tensor blk.3.layer_output_norm.weight
create_tensor: loading tensor blk.3.layer_output_norm.bias
create_tensor: loading tensor blk.4.attn_q.weight
create_tensor: loading tensor blk.4.attn_q.bias
create_tensor: loading tensor blk.4.attn_k.weight
create_tensor: loading tensor blk.4.attn_k.bias
create_tensor: loading tensor blk.4.attn_v.weight
create_tensor: loading tensor blk.4.attn_v.bias
create_tensor: loading tensor blk.4.attn_output.weight
create_tensor: loading tensor blk.4.attn_output.bias
create_tensor: loading tensor blk.4.attn_output_norm.weight
create_tensor: loading tensor blk.4.attn_output_norm.bias
create_tensor: loading tensor blk.4.ffn_up.weight
create_tensor: loading tensor blk.4.ffn_up.bias
create_tensor: loading tensor blk.4.ffn_down.weight
create_tensor: loading tensor blk.4.ffn_down.bias
create_tensor: loading tensor blk.4.layer_output_norm.weight
create_tensor: loading tensor blk.4.layer_output_norm.bias
create_tensor: loading tensor blk.5.attn_q.weight
create_tensor: loading tensor blk.5.attn_q.bias
create_tensor: loading tensor blk.5.attn_k.weight
create_tensor: loading tensor blk.5.attn_k.bias
create_tensor: loading tensor blk.5.attn_v.weight
create_tensor: loading tensor blk.5.attn_v.bias
create_tensor: loading tensor blk.5.attn_output.weight
create_tensor: loading tensor blk.5.attn_output.bias
create_tensor: loading tensor blk.5.attn_output_norm.weight
create_tensor: loading tensor blk.5.attn_output_norm.bias
create_tensor: loading tensor blk.5.ffn_up.weight
create_tensor: loading tensor blk.5.ffn_up.bias
create_tensor: loading tensor blk.5.ffn_down.weight
create_tensor: loading tensor blk.5.ffn_down.bias
create_tensor: loading tensor blk.5.layer_output_norm.weight
create_tensor: loading tensor blk.5.layer_output_norm.bias
load_tensors: tensor 'token_embd.weight' (f16) (and 100 others) cannot be used with preferred buffer type CPU_REPACK, using CPU instead
load_tensors:   CPU_Mapped model buffer size =    43.10 MiB
................................
llama_context: constructing llama_context
llama_context: n_seq_max     = 1
llama_context: n_ctx         = 4096
llama_context: n_ctx_per_seq = 4096
llama_context: n_batch       = 2048
llama_context: n_ubatch      = 2048
llama_context: causal_attn   = 0
llama_context: flash_attn    = auto
llama_context: kv_unified    = true
llama_context: freq_base     = 10000.0
llama_context: freq_scale    = 1
llama_context: n_ctx_per_seq (4096) > n_ctx_train (512) -- possible training context overflow
set_abort_callback: call
llama_context:        CPU  output buffer size =     0.12 MiB
llama_context: enumerating backends
llama_context: backend_ptrs.size() = 1
llama_context: max_nodes = 1024
llama_context: worst-case: n_tokens = 2048, n_seqs = 1, n_outputs = 1
graph_reserve: reserving a graph for ubatch with n_tokens =    1, n_seqs =  1, n_outputs =    1
llama_context: Flash Attention was auto, set to enabled
graph_reserve: reserving a graph for ubatch with n_tokens = 2048, n_seqs =  1, n_outputs = 2048
graph_reserve: reserving a graph for ubatch with n_tokens =    1, n_seqs =  1, n_outputs =    1
graph_reserve: reserving a graph for ubatch with n_tokens = 2048, n_seqs =  1, n_outputs = 2048
llama_context:        CPU compute buffer size =    37.53 MiB
llama_context: graph nodes  = 206 (with bs=2048), 224 (with bs=1)
llama_context: graph splits = 1
clear_adapter_lora: call
common_init_from_params: added [SEP] logit bias = -inf
set_warmup: value = 1
decode: cannot decode batches with this context (calling encode() instead)
common_init_from_params: setting dry_penalty_last_n to ctx_size = 4096
common_init_from_params: warming up the model with an empty run - please wait ... (--no-warmup to disable)
set_warmup: value = 0
decode: cannot decode batches with this context (calling encode() instead)
[38;2;000;255;255m[2026-03-10 16:46:18.548896] [INFO] [0mmuclaw booting...
[38;2;000;255;255m[2026-03-10 16:46:18.665081] [INFO] [0mSuccessfully loaded local embedding model: /home/mpk/src/muclaw/assets/models/all-MiniLM-L6-v2-f16.gguf
[38;2;000;255;255m[2026-03-10 16:46:18.665090] [INFO] [0mGetting embeddings for: 'Testing the embeddings'
[38;2;000;255;255m[2026-03-10 16:46:18.666283] [INFO] [0mTokens: 101 5604 1996 7861 8270 4667 2015 102 
[38;2;000;255;255m[2026-03-10 16:46:18.672867] [INFO] [0mFound pooled sequence embedding
[38;2;000;255;255m[2026-03-10 16:46:18.672881] [INFO] [0mEmbedding snippet: nan nan nan nan nan 
std::vector<float> expected_embedding = {
    nanf, nanf, nanf, nanf, nanf, nanf, nanf, nanf, nanf, nanf, 
    nanf, nanf, nanf, nanf, nanf, nanf, nanf, nanf, nanf, nanf, 
    nanf, nanf, nanf, nanf, nanf, nanf, nanf, nanf, nanf, nanf, 
    nanf, nanf, nanf, nanf, nanf, nanf, nanf, nanf, nanf, nanf, 
    nanf, nanf, nanf, nanf, nanf, nanf, nanf, nanf, nanf, nanf, 
    nanf, nanf, nanf, nanf, nanf, nanf, nanf, nanf, nanf, nanf, 
    nanf, nanf, nanf, nanf, nanf, nanf, nanf, nanf, nanf, nanf, 
    nanf, nanf, nanf, nanf, nanf, nanf, nanf, nanf, nanf, nanf, 
    nanf, nanf, nanf, nanf, nanf, nanf, nanf, nanf, nanf, nanf, 
    nanf, nanf, nanf, nanf, nanf, nanf, nanf, nanf, nanf, nanf, 
    nanf, nanf, nanf, nanf, nanf, nanf, nanf, nanf, nanf, nanf, 
    nanf, nanf, nanf, nanf, nanf, nanf, nanf, nanf, nanf, nanf, 
    nanf, nanf, nanf, nanf, nanf, nanf, nanf, nanf, nanf, nanf, 
    nanf, nanf, nanf, nanf, nanf, nanf, nanf, nanf, nanf, nanf, 
    nanf, nanf, nanf, nanf, nanf, nanf, nanf, nanf, nanf, nanf, 
    nanf, nanf, nanf, nanf, nanf, nanf, nanf, nanf, nanf, nanf, 
    nanf, nanf, nanf, nanf, nanf, nanf, nanf, nanf, nanf, nanf, 
    nanf, nanf, nanf, nanf, nanf, nanf, nanf, nanf, nanf, nanf, 
    nanf, nanf, nanf, nanf, nanf, nanf, nanf, nanf, nanf, nanf, 
    nanf, nanf, nanf, nanf, nanf, nanf, nanf, nanf, nanf, nanf, 
    nanf, nanf, nanf, nanf, nanf, nanf, nanf, nanf, nanf, nanf, 
    nanf, nanf, nanf, nanf, nanf, nanf, nanf, nanf, nanf, nanf, 
    nanf, nanf, nanf, nanf, nanf, nanf, nanf, nanf, nanf, nanf, 
    nanf, nanf, nanf, nanf, nanf, nanf, nanf, nanf, nanf, nanf, 
    nanf, nanf, nanf, nanf, nanf, nanf, nanf, nanf, nanf, nanf, 
    nanf, nanf, nanf, nanf, nanf, nanf, nanf, nanf, nanf, nanf, 
    nanf, nanf, nanf, nanf, nanf, nanf, nanf, nanf, nanf, nanf, 
    nanf, nanf, nanf, nanf, nanf, nanf, nanf, nanf, nanf, nanf, 
    nanf, nanf, nanf, nanf, nanf, nanf, nanf, nanf, nanf, nanf, 
    nanf, nanf, nanf, nanf, nanf, nanf, nanf, nanf, nanf, nanf, 
    nanf, nanf, nanf, nanf, nanf, nanf, nanf, nanf, nanf, nanf, 
    nanf, nanf, nanf, nanf, nanf, nanf, nanf, nanf, nanf, nanf, 
    nanf, nanf, nanf, nanf, nanf, nanf, nanf, nanf, nanf, nanf, 
    nanf, nanf, nanf, nanf, nanf, nanf, nanf, nanf, nanf, nanf, 
    nanf, nanf, nanf, nanf, nanf, nanf, nanf, nanf, nanf, nanf, 
    nanf, nanf, nanf, nanf, nanf, nanf, nanf, nanf, nanf, nanf, 
    nanf, nanf, nanf, nanf, nanf, nanf, nanf, nanf, nanf, nanf, 
    nanf, nanf, nanf, nanf, nanf, nanf, nanf, nanf, nanf, nanf, 
    nanf, nanf, nanf, nanf
};
